Using pre-set license
Built from '2020.3/staging' branch; Version is '2020.3.11f1 (99c7afb366b3) revision 10078127'; Using compiler version '192528614'; Build Type 'Release'
OS: 'Windows 10 Home; OS build 19041.1052; Version 2004; 64bit' Language: 'ja' Physical Memory: 8064 MB
BatchMode: 1, IsHumanControllingUs: 0, StartBugReporterOnCrash: 0, Is64bit: 1, IsPro: 0

 COMMAND LINE ARGUMENTS:
C:\Program Files\Unity\Hub\Editor\2020.3.11f1\Editor\Unity.exe
-adb2
-batchMode
-noUpm
-name
AssetImportWorker0
-projectPath
C:/Users/runa0/Desktop/HAL/大学で使うソフト/unity/chat_test_photon
-logFile
Logs/AssetImportWorker0.log
-srvPort
60434
Successfully changed project path to: C:/Users/runa0/Desktop/HAL/大学で使うソフト/unity/chat_test_photon
C:/Users/runa0/Desktop/HAL/大学で使うソフト/unity/chat_test_photon
Using Asset Import Pipeline V2.
Refreshing native plugins compatible for Editor in 51.88 ms, found 2 plugins.
Preloading 0 native plugins for Editor in 0.00 ms.
Initialize engine version: 2020.3.11f1 (99c7afb366b3)
[Subsystems] Discovering subsystems at path C:/Program Files/Unity/Hub/Editor/2020.3.11f1/Editor/Data/Resources/UnitySubsystems
[Subsystems] Discovering subsystems at path C:/Users/runa0/Desktop/HAL/大学で使うソフト/unity/chat_test_photon/Assets
GfxDevice: creating device client; threaded=0
Direct3D:
    Version:  Direct3D 11.0 [level 11.1]
    Renderer: Intel(R) UHD Graphics 620 (ID=0x5917)
    Vendor:   
    VRAM:     4032 MB
    Driver:   27.20.100.8681
Initialize mono
Mono path[0] = 'C:/Program Files/Unity/Hub/Editor/2020.3.11f1/Editor/Data/Managed'
Mono path[1] = 'C:/Program Files/Unity/Hub/Editor/2020.3.11f1/Editor/Data/MonoBleedingEdge/lib/mono/unityjit'
Mono config path = 'C:/Program Files/Unity/Hub/Editor/2020.3.11f1/Editor/Data/MonoBleedingEdge/etc'
Using monoOptions --debugger-agent=transport=dt_socket,embedding=1,server=y,suspend=n,address=127.0.0.1:56380
Begin MonoManager ReloadAssembly
Registering precompiled unity dll's ...
Register platform support module: C:/Program Files/Unity/Hub/Editor/2020.3.11f1/Editor/Data/PlaybackEngines/WindowsStandaloneSupport/UnityEditor.WindowsStandalone.Extensions.dll
Registered in 0.003092 seconds.
Native extension for WindowsStandalone target not found
Refreshing native plugins compatible for Editor in 40.62 ms, found 2 plugins.
Preloading 0 native plugins for Editor in 0.00 ms.
Mono: successfully reloaded assembly
- Completed reload, in  3.608 seconds
Platform modules already initialized, skipping
Registering precompiled user dll's ...
Registered in 0.013568 seconds.
Begin MonoManager ReloadAssembly
Native extension for WindowsStandalone target not found
Refreshing native plugins compatible for Editor in 0.41 ms, found 2 plugins.
Preloading 0 native plugins for Editor in 0.00 ms.
Mono: successfully reloaded assembly
- Completed reload, in  1.277 seconds
Platform modules already initialized, skipping
========================================================================
Worker process is ready to serve import requests
Launched and connected shader compiler UnityShaderCompiler.exe after 0.08 seconds
Refreshing native plugins compatible for Editor in 0.95 ms, found 2 plugins.
Preloading 0 native plugins for Editor in 0.00 ms.
Unloading 1588 Unused Serialized files (Serialized files now loaded: 0)
System memory in use before: 86.1 MB.
System memory in use after: 86.1 MB.

Unloading 23 unused Assets to reduce memory usage. Loaded Objects now: 2032.
Total: 4.094400 ms (FindLiveObjects: 0.346400 ms CreateObjectMapping: 0.119100 ms MarkObjects: 3.493800 ms  DeleteObjects: 0.132800 ms)

========================================================================
Received Import Request.
  path: Assets/unity-chan!/Unity-chan! Model/Art/Materials/eyeline.mat
  artifactKey: Guid(407f97b032a277c44b753ed1c256a3b8) Importer(815301076,1909f56bfc062723c751e8b465ee728b)
Start importing Assets/unity-chan!/Unity-chan! Model/Art/Materials/eyeline.mat using Guid(407f97b032a277c44b753ed1c256a3b8) Importer(815301076,1909f56bfc062723c751e8b465ee728b)  -> (artifact id: '18b9128bbb0ae5b069fac97ee4d9c11c') in 0.663686 seconds
  Import took 0.669772 seconds .

========================================================================
Received Import Request.
  Time since last request: 0.000359 seconds.
  path: Assets/Photon Unity Networking/Demos/DemoSynchronization/MatCubeExtra.mat
  artifactKey: Guid(9f1129974630774409da4274a848e31e) Importer(815301076,1909f56bfc062723c751e8b465ee728b)
Start importing Assets/Photon Unity Networking/Demos/DemoSynchronization/MatCubeExtra.mat using Guid(9f1129974630774409da4274a848e31e) Importer(815301076,1909f56bfc062723c751e8b465ee728b)  -> (artifact id: '0520fce3646e93e76f5d984544969dec') in 0.261082 seconds
  Import took 0.265419 seconds .

========================================================================
Received Import Request.
  Time since last request: 0.000372 seconds.
  path: Assets/unity-chan!/Unity-chan! Model/Art/UnityChanShader/Materials/eyeline.mat
  artifactKey: Guid(7bac98231102243919a4534a06cc74ba) Importer(815301076,1909f56bfc062723c751e8b465ee728b)
Start importing Assets/unity-chan!/Unity-chan! Model/Art/UnityChanShader/Materials/eyeline.mat using Guid(7bac98231102243919a4534a06cc74ba) Importer(815301076,1909f56bfc062723c751e8b465ee728b)  -> (artifact id: '88adda7dce1542333aeb700b7a9ec86b') in 0.052203 seconds
  Import took 0.058833 seconds .

========================================================================
Received Import Request.
  Time since last request: 0.000311 seconds.
  path: Assets/unity-chan!/Unity-chan! Model/Art/Materials/Left.mat
  artifactKey: Guid(00cf17fb11d4e76448c2096f7ee6aa4f) Importer(815301076,1909f56bfc062723c751e8b465ee728b)
Start importing Assets/unity-chan!/Unity-chan! Model/Art/Materials/Left.mat using Guid(00cf17fb11d4e76448c2096f7ee6aa4f) Importer(815301076,1909f56bfc062723c751e8b465ee728b)  -> (artifact id: '91880f766d524b4641b7cc0450cc3ba0') in 0.032515 seconds
  Import took 0.041613 seconds .

========================================================================
Received Import Request.
  Time since last request: 0.000880 seconds.
  path: Assets/Photon Unity Networking/Demos/Shared Assets/Materials/Gradient.mat
  artifactKey: Guid(32e7ed8e6b80b884bbed8260b788648b) Importer(815301076,1909f56bfc062723c751e8b465ee728b)
Start importing Assets/Photon Unity Networking/Demos/Shared Assets/Materials/Gradient.mat using Guid(32e7ed8e6b80b884bbed8260b788648b) Importer(815301076,1909f56bfc062723c751e8b465ee728b)  -> (artifact id: '50a496a2e9f49c892400a0d91d049d97') in 0.133339 seconds
  Import took 0.146856 seconds .

========================================================================
Received Import Request.
  Time since last request: 0.000868 seconds.
  path: Assets/unity-chan!/Unity-chan! Model/Art/Materials/face.mat
  artifactKey: Guid(4d83bd267b90e934e88637afcd02cb8a) Importer(815301076,1909f56bfc062723c751e8b465ee728b)
Start importing Assets/unity-chan!/Unity-chan! Model/Art/Materials/face.mat using Guid(4d83bd267b90e934e88637afcd02cb8a) Importer(815301076,1909f56bfc062723c751e8b465ee728b)  -> (artifact id: '939c6713bf8558ed87837ec0200c9f02') in 0.122820 seconds
  Import took 0.129638 seconds .

========================================================================
Received Import Request.
  Time since last request: 0.000428 seconds.
  path: Assets/unity-chan!/Unity-chan! Model/Art/UnityChanShader/Materials/eyebase.mat
  artifactKey: Guid(c7d8484a18b294b4ea192d6a82f2e0d5) Importer(815301076,1909f56bfc062723c751e8b465ee728b)
Start importing Assets/unity-chan!/Unity-chan! Model/Art/UnityChanShader/Materials/eyebase.mat using Guid(c7d8484a18b294b4ea192d6a82f2e0d5) Importer(815301076,1909f56bfc062723c751e8b465ee728b)  -> (artifact id: '11e6a346108ce7f7aaa17078165fbc6c') in 0.071285 seconds
  Import took 0.076941 seconds .

========================================================================
Received Import Request.
  Time since last request: 0.000273 seconds.
  path: Assets/unity-chan!/Unity-chan! Model/Art/UnityChanShader/Materials/body.mat
  artifactKey: Guid(3b399c72488294c53b66f39632a8fe8b) Importer(815301076,1909f56bfc062723c751e8b465ee728b)
Start importing Assets/unity-chan!/Unity-chan! Model/Art/UnityChanShader/Materials/body.mat using Guid(3b399c72488294c53b66f39632a8fe8b) Importer(815301076,1909f56bfc062723c751e8b465ee728b)  -> (artifact id: '9bb897b377e5cb7e11dcb8a2c4218dd3') in 0.160073 seconds
  Import took 0.165029 seconds .

========================================================================
Received Import Request.
  Time since last request: 0.000346 seconds.
  path: Assets/unity-chan!/Unity-chan! Model/Art/Materials/eyebase.mat
  artifactKey: Guid(9bec51fc47eda6047ba5cc01addbf46f) Importer(815301076,1909f56bfc062723c751e8b465ee728b)
Start importing Assets/unity-chan!/Unity-chan! Model/Art/Materials/eyebase.mat using Guid(9bec51fc47eda6047ba5cc01addbf46f) Importer(815301076,1909f56bfc062723c751e8b465ee728b)  -> (artifact id: '5d89ab66db43c56b16a2763d231cf195') in 0.025981 seconds
  Import took 0.031540 seconds .

========================================================================
Received Import Request.
  Time since last request: 0.000316 seconds.
  path: Assets/Photon Unity Networking/Demos/Shared Assets/Skin/Orbitron Black.ttf
  artifactKey: Guid(495c9e2a934bcc640a8d7427b13cb680) Importer(815301076,1909f56bfc062723c751e8b465ee728b)
Start importing Assets/Photon Unity Networking/Demos/Shared Assets/Skin/Orbitron Black.ttf using Guid(495c9e2a934bcc640a8d7427b13cb680) Importer(815301076,1909f56bfc062723c751e8b465ee728b)  -> (artifact id: '837c95b034563388e9ceecc44e5ce340') in 0.081600 seconds
  Import took 0.088949 seconds .

========================================================================
Received Import Request.
  Time since last request: 0.000256 seconds.
  path: Assets/Photon Unity Networking/Demos/DemoBoxes/Resources/eurof35.ttf
  artifactKey: Guid(954746d370bc8934299c8c8267543f4f) Importer(815301076,1909f56bfc062723c751e8b465ee728b)
Start importing Assets/Photon Unity Networking/Demos/DemoBoxes/Resources/eurof35.ttf using Guid(954746d370bc8934299c8c8267543f4f) Importer(815301076,1909f56bfc062723c751e8b465ee728b)  -> (artifact id: 'ff721e89c61bdf58bcee8cff845c59d5') in 0.028535 seconds
  Import took 0.033441 seconds .

========================================================================
Received Import Request.
  Time since last request: 0.000285 seconds.
  path: Assets/Photon Unity Networking/Demos/DemoRockPaperScissors/Assets/OpenSans/OpenSans-Semibold.ttf
  artifactKey: Guid(23ccffaf915b101419d098a118141d9a) Importer(815301076,1909f56bfc062723c751e8b465ee728b)
Start importing Assets/Photon Unity Networking/Demos/DemoRockPaperScissors/Assets/OpenSans/OpenSans-Semibold.ttf using Guid(23ccffaf915b101419d098a118141d9a) Importer(815301076,1909f56bfc062723c751e8b465ee728b)  -> (artifact id: '82281fbb3a48e9853c9b9d17cf149083') in 0.032712 seconds
  Import took 0.039361 seconds .

========================================================================
Received Import Request.
  Time since last request: 0.000367 seconds.
  path: Assets/unity-chan!/Unity-chan! Model/Art/UnityChanShader/Materials/mat_cheek.mat
  artifactKey: Guid(4efe8cdcc7b554591bde513d7bde06d0) Importer(815301076,1909f56bfc062723c751e8b465ee728b)
Start importing Assets/unity-chan!/Unity-chan! Model/Art/UnityChanShader/Materials/mat_cheek.mat using Guid(4efe8cdcc7b554591bde513d7bde06d0) Importer(815301076,1909f56bfc062723c751e8b465ee728b)  -> (artifact id: '88b88f42f244201f520ca30404ae1fb5') in 0.110893 seconds
  Import took 0.117005 seconds .

========================================================================
Received Import Request.
  Time since last request: 0.000220 seconds.
  path: Assets/Photon Unity Networking/Demos/DemoRockPaperScissors/Assets/OpenSans/OpenSans-Bold.ttf
  artifactKey: Guid(c2d622bc4892ff441aee9289a6006707) Importer(815301076,1909f56bfc062723c751e8b465ee728b)
Start importing Assets/Photon Unity Networking/Demos/DemoRockPaperScissors/Assets/OpenSans/OpenSans-Bold.ttf using Guid(c2d622bc4892ff441aee9289a6006707) Importer(815301076,1909f56bfc062723c751e8b465ee728b)  -> (artifact id: 'cffe61998a3510a0a71b26a1a61078ac') in 0.032415 seconds
  Import took 0.038766 seconds .

========================================================================
Received Import Request.
  Time since last request: 0.000374 seconds.
  path: Assets/Photon Unity Networking/Demos/DemoWorker/Art/Character Controllers/Sources/PrototypeCharacter/Materials/constructor_done.mat
  artifactKey: Guid(ca49380a71a2bb64c830d06bd421b9d1) Importer(815301076,1909f56bfc062723c751e8b465ee728b)
Start importing Assets/Photon Unity Networking/Demos/DemoWorker/Art/Character Controllers/Sources/PrototypeCharacter/Materials/constructor_done.mat using Guid(ca49380a71a2bb64c830d06bd421b9d1) Importer(815301076,1909f56bfc062723c751e8b465ee728b)  -> (artifact id: '07212b14ad44f02e9a7e185e2d10fb22') in 0.245647 seconds
  Import took 0.251146 seconds .

========================================================================
Received Import Request.
  Time since last request: 0.000378 seconds.
  path: Assets/unity-chan!/Unity-chan! Model/Art/Materials/mat_cheek.mat
  artifactKey: Guid(5f9d44654b83160428d7c4cf276b3572) Importer(815301076,1909f56bfc062723c751e8b465ee728b)
Start importing Assets/unity-chan!/Unity-chan! Model/Art/Materials/mat_cheek.mat using Guid(5f9d44654b83160428d7c4cf276b3572) Importer(815301076,1909f56bfc062723c751e8b465ee728b)  -> (artifact id: '213c95a0b4f598748b1b0d2af5461a09') in 0.015176 seconds
  Import took 0.020018 seconds .

========================================================================
Received Import Request.
  Time since last request: 0.000973 seconds.
  path: Assets/Photon Unity Networking/Demos/DemoSynchronization/MatCubeInter.mat
  artifactKey: Guid(14ed06ac0127c154589d77e354a9dbd1) Importer(815301076,1909f56bfc062723c751e8b465ee728b)
Start importing Assets/Photon Unity Networking/Demos/DemoSynchronization/MatCubeInter.mat using Guid(14ed06ac0127c154589d77e354a9dbd1) Importer(815301076,1909f56bfc062723c751e8b465ee728b)  -> (artifact id: '8595fdb57beaa87ea89e1f4c773430ab') in 0.042083 seconds
  Import took 0.050088 seconds .

========================================================================
Received Import Request.
  Time since last request: 0.000425 seconds.
  path: Assets/unity-chan!/Unity-chan! Model/Art/UnityChanShader/Materials/eye_L1.mat
  artifactKey: Guid(a0186681a218f4550a84e6f0488e8b61) Importer(815301076,1909f56bfc062723c751e8b465ee728b)
Start importing Assets/unity-chan!/Unity-chan! Model/Art/UnityChanShader/Materials/eye_L1.mat using Guid(a0186681a218f4550a84e6f0488e8b61) Importer(815301076,1909f56bfc062723c751e8b465ee728b)  -> (artifact id: '173a73aaf473fa3f8ad3c02eeb545ece') in 0.031239 seconds
  Import took 0.037657 seconds .

========================================================================
Received Import Request.
  Time since last request: 0.000364 seconds.
  path: Assets/Photon Unity Networking/Demos/DemoRockPaperScissors/Assets/OpenSans/OpenSans-Light.ttf
  artifactKey: Guid(a6aa145e5b99127428ecde3a5acbf68b) Importer(815301076,1909f56bfc062723c751e8b465ee728b)
Start importing Assets/Photon Unity Networking/Demos/DemoRockPaperScissors/Assets/OpenSans/OpenSans-Light.ttf using Guid(a6aa145e5b99127428ecde3a5acbf68b) Importer(815301076,1909f56bfc062723c751e8b465ee728b)  -> (artifact id: 'a397920ce3fe02472dc013f85bfaff6d') in 0.049598 seconds
  Import took 0.055504 seconds .

========================================================================
Received Import Request.
  Time since last request: 0.000433 seconds.
  path: Assets/Photon Unity Networking/Demos/DemoRockPaperScissors/Assets/OpenSans/OpenSans-Regular.ttf
  artifactKey: Guid(439afd3f954cea94c8e910eef29cd81f) Importer(815301076,1909f56bfc062723c751e8b465ee728b)
Start importing Assets/Photon Unity Networking/Demos/DemoRockPaperScissors/Assets/OpenSans/OpenSans-Regular.ttf using Guid(439afd3f954cea94c8e910eef29cd81f) Importer(815301076,1909f56bfc062723c751e8b465ee728b)  -> (artifact id: '79edec0ebd1e4fe96bffdbc274a1ab4f') in 0.036836 seconds
  Import took 0.043804 seconds .

========================================================================
Received Import Request.
  Time since last request: 0.000438 seconds.
  path: Assets/unity-chan!/Unity-chan! Model/Art/Materials/eye_R1.mat
  artifactKey: Guid(a87def7cf3654cc43add52e645fee2ce) Importer(815301076,1909f56bfc062723c751e8b465ee728b)
Start importing Assets/unity-chan!/Unity-chan! Model/Art/Materials/eye_R1.mat using Guid(a87def7cf3654cc43add52e645fee2ce) Importer(815301076,1909f56bfc062723c751e8b465ee728b)  -> (artifact id: 'b4db5fe42d10a3dce402765deb592d75') in 0.030308 seconds
  Import took 0.036457 seconds .

========================================================================
Received Import Request.
  Time since last request: 0.000459 seconds.
  path: Assets/Photon Unity Networking/Demos/Shared Assets/Skin/Jura-Flat-Material.mat
  artifactKey: Guid(c190da5d14d0e904ba512abe82018576) Importer(815301076,1909f56bfc062723c751e8b465ee728b)
Start importing Assets/Photon Unity Networking/Demos/Shared Assets/Skin/Jura-Flat-Material.mat using Guid(c190da5d14d0e904ba512abe82018576) Importer(815301076,1909f56bfc062723c751e8b465ee728b)  -> (artifact id: '5276f5f4f02688a3e8079dce4d19fc75') in 0.078413 seconds
  Import took 0.083727 seconds .

========================================================================
Received Import Request.
  Time since last request: 0.000331 seconds.
  path: Assets/unity-chan!/Unity-chan! Model/Art/Materials/hair.mat
  artifactKey: Guid(5ebb6caef8207d243a588a574971408c) Importer(815301076,1909f56bfc062723c751e8b465ee728b)
Start importing Assets/unity-chan!/Unity-chan! Model/Art/Materials/hair.mat using Guid(5ebb6caef8207d243a588a574971408c) Importer(815301076,1909f56bfc062723c751e8b465ee728b)  -> (artifact id: '9b33b04b19e95ed8257aaa6145ccbbd3') in 0.033523 seconds
  Import took 0.038038 seconds .

========================================================================
Received Import Request.
  Time since last request: 0.000450 seconds.
  path: Assets/unity-chan!/Unity-chan! Model/Art/Materials/eye_L1.mat
  artifactKey: Guid(4987862c1c195e74c86994ba4bcbd812) Importer(815301076,1909f56bfc062723c751e8b465ee728b)
Start importing Assets/unity-chan!/Unity-chan! Model/Art/Materials/eye_L1.mat using Guid(4987862c1c195e74c86994ba4bcbd812) Importer(815301076,1909f56bfc062723c751e8b465ee728b)  -> (artifact id: '9768f64683c917525d261b3c3c5d2663') in 0.019634 seconds
  Import took 0.025983 seconds .

========================================================================
Received Import Request.
  Time since last request: 0.000511 seconds.
  path: Assets/Photon Unity Networking/Demos/Shared Assets/Animations/Materials/EyesMaterial.mat
  artifactKey: Guid(ce5a83fcea7762541ba43ca5bd854dae) Importer(815301076,1909f56bfc062723c751e8b465ee728b)
Start importing Assets/Photon Unity Networking/Demos/Shared Assets/Animations/Materials/EyesMaterial.mat using Guid(ce5a83fcea7762541ba43ca5bd854dae) Importer(815301076,1909f56bfc062723c751e8b465ee728b)  -> (artifact id: '73b04564f90153c93dddc89e75dd8d71') in 0.037182 seconds
  Import took 0.042855 seconds .

========================================================================
Received Import Request.
  Time since last request: 0.000426 seconds.
  path: Assets/unity-chan!/Unity-chan! Model/Art/UnityChanShader/Materials/face.mat
  artifactKey: Guid(cb35fb92776d24a65827b1d3ab18fe60) Importer(815301076,1909f56bfc062723c751e8b465ee728b)
Start importing Assets/unity-chan!/Unity-chan! Model/Art/UnityChanShader/Materials/face.mat using Guid(cb35fb92776d24a65827b1d3ab18fe60) Importer(815301076,1909f56bfc062723c751e8b465ee728b)  -> (artifact id: '21e5d09648f04cc3f3d3367aba7eb3e6') in 0.039591 seconds
  Import took 0.044642 seconds .

========================================================================
Received Import Request.
  Time since last request: 0.000449 seconds.
  path: Assets/unity-chan!/Unity-chan! Model/Art/Materials/body.mat
  artifactKey: Guid(bb570020a8c3bad4bbf803af20e78937) Importer(815301076,1909f56bfc062723c751e8b465ee728b)
Start importing Assets/unity-chan!/Unity-chan! Model/Art/Materials/body.mat using Guid(bb570020a8c3bad4bbf803af20e78937) Importer(815301076,1909f56bfc062723c751e8b465ee728b)  -> (artifact id: 'd878e655617265cdcb38faa2543b85a1') in 0.036490 seconds
  Import took 0.041295 seconds .

========================================================================
Received Import Request.
  Time since last request: 0.000373 seconds.
  path: Assets/unity-chan!/Unity-chan! Model/Art/UnityChanShader/Materials/eye_R1.mat
  artifactKey: Guid(f37e71293707f43b9b83c1925ad01bd7) Importer(815301076,1909f56bfc062723c751e8b465ee728b)
Start importing Assets/unity-chan!/Unity-chan! Model/Art/UnityChanShader/Materials/eye_R1.mat using Guid(f37e71293707f43b9b83c1925ad01bd7) Importer(815301076,1909f56bfc062723c751e8b465ee728b)  -> (artifact id: '6d416580aa575e725061cce32e713e6d') in 0.045452 seconds
  Import took 0.050107 seconds .

========================================================================
Received Import Request.
  Time since last request: 0.000607 seconds.
  path: Assets/Photon Unity Networking/Demos/DemoPickup/Assets/Materials/DarkOverlay.mat
  artifactKey: Guid(0e64e67439050b24f992cb6e55e2ab68) Importer(815301076,1909f56bfc062723c751e8b465ee728b)
Start importing Assets/Photon Unity Networking/Demos/DemoPickup/Assets/Materials/DarkOverlay.mat using Guid(0e64e67439050b24f992cb6e55e2ab68) Importer(815301076,1909f56bfc062723c751e8b465ee728b)  -> (artifact id: '1285916016d7076013114853d2fa756d') in 0.190247 seconds
  Import took 0.195609 seconds .

========================================================================
Received Import Request.
  Time since last request: 0.000500 seconds.
  path: Assets/Photon Unity Networking/Demos/Shared Assets/Skin/Jura-Medium.ttf
  artifactKey: Guid(e00995507c2406448b4c8429136104dd) Importer(815301076,1909f56bfc062723c751e8b465ee728b)
Start importing Assets/Photon Unity Networking/Demos/Shared Assets/Skin/Jura-Medium.ttf using Guid(e00995507c2406448b4c8429136104dd) Importer(815301076,1909f56bfc062723c751e8b465ee728b)  -> (artifact id: '34b9e21f211bbc95f9ff5a87059f34a8') in 0.027904 seconds
  Import took 0.033416 seconds .

========================================================================
Received Import Request.
  Time since last request: 0.000389 seconds.
  path: Assets/unity-chan!/Unity-chan! Model/Art/UnityChanShader/Materials/hair.mat
  artifactKey: Guid(0686b679809f14929a8d7f427cbb4da3) Importer(815301076,1909f56bfc062723c751e8b465ee728b)
Start importing Assets/unity-chan!/Unity-chan! Model/Art/UnityChanShader/Materials/hair.mat using Guid(0686b679809f14929a8d7f427cbb4da3) Importer(815301076,1909f56bfc062723c751e8b465ee728b)  -> (artifact id: '86c3bcfceadf4770c322089469ad071b') in 0.037644 seconds
  Import took 0.043294 seconds .

========================================================================
Received Prepare
Registering precompiled user dll's ...
Registered in 0.008724 seconds.
Begin MonoManager ReloadAssembly
Native extension for WindowsStandalone target not found
Refreshing native plugins compatible for Editor in 0.57 ms, found 2 plugins.
Preloading 0 native plugins for Editor in 0.00 ms.
Mono: successfully reloaded assembly
- Completed reload, in  1.438 seconds
Platform modules already initialized, skipping
Refreshing native plugins compatible for Editor in 0.39 ms, found 2 plugins.
Preloading 0 native plugins for Editor in 0.00 ms.
Unloading 1571 Unused Serialized files (Serialized files now loaded: 0)
System memory in use before: 88.6 MB.
System memory in use after: 88.6 MB.

Unloading 18 unused Assets to reduce memory usage. Loaded Objects now: 2081.
Total: 2.229300 ms (FindLiveObjects: 0.161700 ms CreateObjectMapping: 0.043600 ms MarkObjects: 1.940300 ms  DeleteObjects: 0.082900 ms)

========================================================================
Received Prepare
Refreshing native plugins compatible for Editor in 4.19 ms, found 2 plugins.
Preloading 0 native plugins for Editor in 0.00 ms.
Unloading 16 Unused Serialized files (Serialized files now loaded: 0)
System memory in use before: 57.3 MB.
System memory in use after: 57.4 MB.

Unloading 16 unused Assets to reduce memory usage. Loaded Objects now: 2081.
Total: 2.544500 ms (FindLiveObjects: 0.180600 ms CreateObjectMapping: 0.061000 ms MarkObjects: 2.213200 ms  DeleteObjects: 0.088700 ms)

========================================================================
Received Prepare
Refreshing native plugins compatible for Editor in 6.55 ms, found 2 plugins.
Preloading 0 native plugins for Editor in 0.00 ms.
Unloading 16 Unused Serialized files (Serialized files now loaded: 0)
System memory in use before: 57.7 MB.
System memory in use after: 57.7 MB.

Unloading 16 unused Assets to reduce memory usage. Loaded Objects now: 2081.
Total: 2.575900 ms (FindLiveObjects: 0.211000 ms CreateObjectMapping: 0.069000 ms MarkObjects: 2.204500 ms  DeleteObjects: 0.090300 ms)

========================================================================
Received Prepare
Refreshing native plugins compatible for Editor in 14.50 ms, found 2 plugins.
Preloading 0 native plugins for Editor in 0.00 ms.
Unloading 16 Unused Serialized files (Serialized files now loaded: 0)
System memory in use before: 57.7 MB.
System memory in use after: 57.7 MB.

Unloading 16 unused Assets to reduce memory usage. Loaded Objects now: 2081.
Total: 11.575700 ms (FindLiveObjects: 0.673300 ms CreateObjectMapping: 0.702600 ms MarkObjects: 10.024200 ms  DeleteObjects: 0.172900 ms)

========================================================================
Received Prepare
Refreshing native plugins compatible for Editor in 20.33 ms, found 2 plugins.
Preloading 0 native plugins for Editor in 0.00 ms.
Unloading 16 Unused Serialized files (Serialized files now loaded: 0)
System memory in use before: 57.7 MB.
System memory in use after: 57.7 MB.

Unloading 16 unused Assets to reduce memory usage. Loaded Objects now: 2081.
Total: 14.399000 ms (FindLiveObjects: 1.934300 ms CreateObjectMapping: 1.222400 ms MarkObjects: 11.052300 ms  DeleteObjects: 0.183900 ms)

========================================================================
Received Import Request.
  Time since last request: 1175.936141 seconds.
  path: Assets/unity-chan!/Unity-chan! Model/SplashScreen
  artifactKey: Guid(c8c132d65fec645bea7e69631da40d73) Importer(815301076,1909f56bfc062723c751e8b465ee728b)
Start importing Assets/unity-chan!/Unity-chan! Model/SplashScreen using Guid(c8c132d65fec645bea7e69631da40d73) Importer(815301076,1909f56bfc062723c751e8b465ee728b)  -> (artifact id: '280cbb0841b29775a6a4d732bab443cd') in 0.018040 seconds
  Import took 0.023059 seconds .

========================================================================
Received Import Request.
  Time since last request: 1.109062 seconds.
  path: Assets/unity-chan!/Unity-chan! Model/Scenes
  artifactKey: Guid(f19d8ba5e85097445bfcd84b267e2cb0) Importer(815301076,1909f56bfc062723c751e8b465ee728b)
Start importing Assets/unity-chan!/Unity-chan! Model/Scenes using Guid(f19d8ba5e85097445bfcd84b267e2cb0) Importer(815301076,1909f56bfc062723c751e8b465ee728b)  -> (artifact id: '459f4a456dd2ad37a5800ec14d98790e') in 0.013952 seconds
  Import took 0.019058 seconds .

========================================================================
Received Import Request.
  Time since last request: 0.389645 seconds.
  path: Assets/unity-chan!/Unity-chan! Model/Art
  artifactKey: Guid(defce7c728fb01d49a7a7e9205dbde77) Importer(815301076,1909f56bfc062723c751e8b465ee728b)
Start importing Assets/unity-chan!/Unity-chan! Model/Art using Guid(defce7c728fb01d49a7a7e9205dbde77) Importer(815301076,1909f56bfc062723c751e8b465ee728b)  -> (artifact id: '4aca67682a69ff282d45018f8ab601fd') in 0.014564 seconds
  Import took 0.020431 seconds .

========================================================================
Received Import Request.
  Time since last request: 0.428971 seconds.
  path: Assets/unity-chan!/Unity-chan! Model/Editor
  artifactKey: Guid(0ed7722d085f04820ba89e8fb4d451a2) Importer(815301076,1909f56bfc062723c751e8b465ee728b)
Start importing Assets/unity-chan!/Unity-chan! Model/Editor using Guid(0ed7722d085f04820ba89e8fb4d451a2) Importer(815301076,1909f56bfc062723c751e8b465ee728b)  -> (artifact id: '403b72f14aba875b39fef33560e67a06') in 0.014960 seconds
  Import took 0.019819 seconds .

========================================================================
Received Import Request.
  Time since last request: 146.827139 seconds.
  path: Assets/New Folder
  artifactKey: Guid(1952cd58c70dce945bd7a48406031f01) Importer(815301076,1909f56bfc062723c751e8b465ee728b)
Start importing Assets/New Folder using Guid(1952cd58c70dce945bd7a48406031f01) Importer(815301076,1909f56bfc062723c751e8b465ee728b)  -> (artifact id: 'bba9e156928159747362647bb8d6b27e') in 0.015336 seconds
  Import took 0.021968 seconds .

========================================================================
Received Import Request.
  Time since last request: 4.869205 seconds.
  path: Assets/Prefab
  artifactKey: Guid(1952cd58c70dce945bd7a48406031f01) Importer(815301076,1909f56bfc062723c751e8b465ee728b)
Start importing Assets/Prefab using Guid(1952cd58c70dce945bd7a48406031f01) Importer(815301076,1909f56bfc062723c751e8b465ee728b)  -> (artifact id: '9689ebf3b28b20e2a37faa128b25a043') in 0.013824 seconds
  Import took 0.019347 seconds .

========================================================================
Received Import Request.
  Time since last request: 11.841019 seconds.
  path: Assets/New Folder
  artifactKey: Guid(a245b68ffeb233847981d35ea5740e99) Importer(815301076,1909f56bfc062723c751e8b465ee728b)
Start importing Assets/New Folder using Guid(a245b68ffeb233847981d35ea5740e99) Importer(815301076,1909f56bfc062723c751e8b465ee728b)  -> (artifact id: '81a0f78c6604c3cca9b87e617a2bbb66') in 0.006375 seconds
  Import took 0.011502 seconds .

========================================================================
Received Import Request.
  Time since last request: 0.001239 seconds.
  path: Assets/New Folder
  artifactKey: Guid(a245b68ffeb233847981d35ea5740e99) Importer(815301076,1909f56bfc062723c751e8b465ee728b)
Start importing Assets/New Folder using Guid(a245b68ffeb233847981d35ea5740e99) Importer(815301076,1909f56bfc062723c751e8b465ee728b)  -> (artifact id: '81a0f78c6604c3cca9b87e617a2bbb66') in 0.004537 seconds
  Import took 0.011981 seconds .

========================================================================
Received Import Request.
  Time since last request: 6.053942 seconds.
  path: Assets/Script
  artifactKey: Guid(a245b68ffeb233847981d35ea5740e99) Importer(815301076,1909f56bfc062723c751e8b465ee728b)
Start importing Assets/Script using Guid(a245b68ffeb233847981d35ea5740e99) Importer(815301076,1909f56bfc062723c751e8b465ee728b)  -> (artifact id: '615e2dfaf2458ca078e589b04ab5f02d') in 0.011657 seconds
  Import took 0.019132 seconds .

========================================================================
Received Import Request.
  Time since last request: 12.226227 seconds.
  path: Assets/New Folder
  artifactKey: Guid(7428a3c8bbe408e48ad709ee7cf59a98) Importer(815301076,1909f56bfc062723c751e8b465ee728b)
Start importing Assets/New Folder using Guid(7428a3c8bbe408e48ad709ee7cf59a98) Importer(815301076,1909f56bfc062723c751e8b465ee728b)  -> (artifact id: '8459feef444100a15c9dfda25c4f04bc') in 0.006160 seconds
  Import took 0.012514 seconds .

========================================================================
Received Import Request.
  Time since last request: 0.001049 seconds.
  path: Assets/New Folder
  artifactKey: Guid(7428a3c8bbe408e48ad709ee7cf59a98) Importer(815301076,1909f56bfc062723c751e8b465ee728b)
Start importing Assets/New Folder using Guid(7428a3c8bbe408e48ad709ee7cf59a98) Importer(815301076,1909f56bfc062723c751e8b465ee728b)  -> (artifact id: '8459feef444100a15c9dfda25c4f04bc') in 0.006552 seconds
  Import took 0.011086 seconds .

========================================================================
Received Import Request.
  Time since last request: 6.148545 seconds.
  path: Assets/Misc
  artifactKey: Guid(7428a3c8bbe408e48ad709ee7cf59a98) Importer(815301076,1909f56bfc062723c751e8b465ee728b)
Start importing Assets/Misc using Guid(7428a3c8bbe408e48ad709ee7cf59a98) Importer(815301076,1909f56bfc062723c751e8b465ee728b)  -> (artifact id: '3140c4cd0ae72cea8871dd92a9768087') in 0.013240 seconds
  Import took 0.019603 seconds .

========================================================================
Received Import Request.
  Time since last request: 5.681703 seconds.
  path: Assets/CharacterControlScript.cs
  artifactKey: Guid(e4a58792061724ab2a8a736213d12197) Importer(815301076,1909f56bfc062723c751e8b465ee728b)
Start importing Assets/CharacterControlScript.cs using Guid(e4a58792061724ab2a8a736213d12197) Importer(815301076,1909f56bfc062723c751e8b465ee728b)  -> (artifact id: '032d64a1dad3a1fca8274a41a88fdebf') in 0.030640 seconds
  Import took 0.035172 seconds .

========================================================================
Received Prepare
Registering precompiled user dll's ...
Registered in 0.006426 seconds.
Begin MonoManager ReloadAssembly
Native extension for WindowsStandalone target not found
Refreshing native plugins compatible for Editor in 0.38 ms, found 2 plugins.
Preloading 0 native plugins for Editor in 0.00 ms.
Mono: successfully reloaded assembly
- Completed reload, in  1.045 seconds
Platform modules already initialized, skipping
Refreshing native plugins compatible for Editor in 0.41 ms, found 2 plugins.
Preloading 0 native plugins for Editor in 0.00 ms.
Unloading 1571 Unused Serialized files (Serialized files now loaded: 0)
System memory in use before: 88.9 MB.
System memory in use after: 89.0 MB.

Unloading 18 unused Assets to reduce memory usage. Loaded Objects now: 2084.
Total: 1.961000 ms (FindLiveObjects: 0.170800 ms CreateObjectMapping: 0.052100 ms MarkObjects: 1.626500 ms  DeleteObjects: 0.110700 ms)

========================================================================
Received Import Request.
  Time since last request: 50.353353 seconds.
  path: Assets/_TerrainAutoUpgrade
  artifactKey: Guid(bce971948ddb3406988d41e944676340) Importer(815301076,1909f56bfc062723c751e8b465ee728b)
Start importing Assets/_TerrainAutoUpgrade using Guid(bce971948ddb3406988d41e944676340) Importer(815301076,1909f56bfc062723c751e8b465ee728b)  -> (artifact id: '2e2f771c85e8c56aee292cc55e50723e') in 0.020356 seconds
  Import took 0.024947 seconds .

========================================================================
Received Import Request.
  Time since last request: 1.875135 seconds.
  path: Assets/PhotonChatApi
  artifactKey: Guid(e2b578d7f1bea2e4d8dbc81551a5e27f) Importer(815301076,1909f56bfc062723c751e8b465ee728b)
Start importing Assets/PhotonChatApi using Guid(e2b578d7f1bea2e4d8dbc81551a5e27f) Importer(815301076,1909f56bfc062723c751e8b465ee728b)  -> (artifact id: 'da7332fdb3f046c152fbfcb7beecda87') in 0.013548 seconds
  Import took 0.017592 seconds .

========================================================================
Received Import Request.
  Time since last request: 62.884728 seconds.
  path: Assets/Launcher.unity
  artifactKey: Guid(446ecd2a6811545a59838b9c958b05fa) Importer(815301076,1909f56bfc062723c751e8b465ee728b)
Start importing Assets/Launcher.unity using Guid(446ecd2a6811545a59838b9c958b05fa) Importer(815301076,1909f56bfc062723c751e8b465ee728b)  -> (artifact id: '1511f09a12bd74f32519ae80eba5c207') in 0.032924 seconds
  Import took 0.037392 seconds .

========================================================================
Received Import Request.
  Time since last request: 0.757920 seconds.
  path: Assets/battle.unity
  artifactKey: Guid(0b7032f6582bb476e8ad059a5765f87b) Importer(815301076,1909f56bfc062723c751e8b465ee728b)
Start importing Assets/battle.unity using Guid(0b7032f6582bb476e8ad059a5765f87b) Importer(815301076,1909f56bfc062723c751e8b465ee728b)  -> (artifact id: 'b61d671312c31285c3141c993b47a240') in 0.012188 seconds
  Import took 0.017282 seconds .

========================================================================
Received Import Request.
  Time since last request: 0.693428 seconds.
  path: Assets/GameManager.cs
  artifactKey: Guid(69256161c41b047629ff86b5651a461f) Importer(815301076,1909f56bfc062723c751e8b465ee728b)
Start importing Assets/GameManager.cs using Guid(69256161c41b047629ff86b5651a461f) Importer(815301076,1909f56bfc062723c751e8b465ee728b)  -> (artifact id: 'eb8b9364a46e21c04413f3649686a212') in 0.011795 seconds
  Import took 0.018860 seconds .

========================================================================
Received Import Request.
  Time since last request: 900.808688 seconds.
  path: Assets/New Folder
  artifactKey: Guid(e5f8c58f830fd2042ab15e530a7cd382) Importer(815301076,1909f56bfc062723c751e8b465ee728b)
Start importing Assets/New Folder using Guid(e5f8c58f830fd2042ab15e530a7cd382) Importer(815301076,1909f56bfc062723c751e8b465ee728b)  -> (artifact id: '06421f0bc99cd3fa2c1aeee511a397c0') in 0.009064 seconds
  Import took 0.013992 seconds .

========================================================================
Received Import Request.
  Time since last request: 3.727820 seconds.
  path: Assets/Resources
  artifactKey: Guid(e5f8c58f830fd2042ab15e530a7cd382) Importer(815301076,1909f56bfc062723c751e8b465ee728b)
Start importing Assets/Resources using Guid(e5f8c58f830fd2042ab15e530a7cd382) Importer(815301076,1909f56bfc062723c751e8b465ee728b)  -> (artifact id: '059b90c8bbf0145e18f08bcc440a51ee') in 0.012122 seconds
  Import took 0.016642 seconds .

========================================================================
Received Prepare
Registering precompiled user dll's ...
Registered in 0.006003 seconds.
Begin MonoManager ReloadAssembly
Native extension for WindowsStandalone target not found
Refreshing native plugins compatible for Editor in 0.77 ms, found 2 plugins.
Preloading 0 native plugins for Editor in 0.00 ms.
Mono: successfully reloaded assembly
- Completed reload, in  1.386 seconds
Platform modules already initialized, skipping
Refreshing native plugins compatible for Editor in 0.42 ms, found 2 plugins.
Preloading 0 native plugins for Editor in 0.00 ms.
Unloading 1571 Unused Serialized files (Serialized files now loaded: 0)
System memory in use before: 88.9 MB.
System memory in use after: 89.0 MB.

Unloading 18 unused Assets to reduce memory usage. Loaded Objects now: 2087.
Total: 2.104100 ms (FindLiveObjects: 0.152400 ms CreateObjectMapping: 0.043100 ms MarkObjects: 1.819800 ms  DeleteObjects: 0.087600 ms)

========================================================================
Received Import Request.
  Time since last request: 58.933159 seconds.
  path: Assets/Resources/unitychan .prefab
  artifactKey: Guid(ad7b8f5d618a7a840ab403919aff0b3a) Importer(815301076,1909f56bfc062723c751e8b465ee728b)
Start importing Assets/Resources/unitychan .prefab using Guid(ad7b8f5d618a7a840ab403919aff0b3a) Importer(815301076,1909f56bfc062723c751e8b465ee728b)  -> (artifact id: 'c2fbc49bc7c3252ad620836f130aafa6') in 0.806556 seconds
  Import took 0.816355 seconds .

========================================================================
Received Import Request.
  Time since last request: 0.091073 seconds.
  path: Assets/Resources/unitychan .prefab
  artifactKey: Guid(ad7b8f5d618a7a840ab403919aff0b3a) Importer(815301076,1909f56bfc062723c751e8b465ee728b)
Start importing Assets/Resources/unitychan .prefab using Guid(ad7b8f5d618a7a840ab403919aff0b3a) Importer(815301076,1909f56bfc062723c751e8b465ee728b)  -> (artifact id: 'ed0f806f537ee4025c777e6f556716d5') in 0.305606 seconds
  Import took 0.322458 seconds .

========================================================================
Received Prepare
Registering precompiled user dll's ...
Registered in 0.008964 seconds.
Begin MonoManager ReloadAssembly
Native extension for WindowsStandalone target not found
Refreshing native plugins compatible for Editor in 0.58 ms, found 2 plugins.
Preloading 0 native plugins for Editor in 0.00 ms.
Mono: successfully reloaded assembly
- Completed reload, in  1.468 seconds
Platform modules already initialized, skipping
Refreshing native plugins compatible for Editor in 1.09 ms, found 2 plugins.
Preloading 0 native plugins for Editor in 0.00 ms.
Unloading 1571 Unused Serialized files (Serialized files now loaded: 0)
System memory in use before: 102.7 MB.
System memory in use after: 102.7 MB.

Unloading 18 unused Assets to reduce memory usage. Loaded Objects now: 2092.
Total: 3.997200 ms (FindLiveObjects: 0.361500 ms CreateObjectMapping: 0.153900 ms MarkObjects: 3.328000 ms  DeleteObjects: 0.151600 ms)

========================================================================
Received Prepare
Registering precompiled user dll's ...
Registered in 0.010080 seconds.
Begin MonoManager ReloadAssembly
Native extension for WindowsStandalone target not found
Refreshing native plugins compatible for Editor in 0.93 ms, found 2 plugins.
Preloading 0 native plugins for Editor in 0.00 ms.
Mono: successfully reloaded assembly
- Completed reload, in  2.565 seconds
Platform modules already initialized, skipping
Refreshing native plugins compatible for Editor in 0.86 ms, found 2 plugins.
Preloading 0 native plugins for Editor in 0.00 ms.
Unloading 1571 Unused Serialized files (Serialized files now loaded: 0)
System memory in use before: 102.7 MB.
System memory in use after: 102.7 MB.

Unloading 18 unused Assets to reduce memory usage. Loaded Objects now: 2095.
Total: 2.789100 ms (FindLiveObjects: 0.259000 ms CreateObjectMapping: 0.047500 ms MarkObjects: 2.385100 ms  DeleteObjects: 0.095900 ms)

========================================================================
Received Prepare
Refreshing native plugins compatible for Editor in 4.82 ms, found 2 plugins.
Preloading 0 native plugins for Editor in 0.00 ms.
Unloading 16 Unused Serialized files (Serialized files now loaded: 0)
System memory in use before: 71.4 MB.
System memory in use after: 71.5 MB.

Unloading 16 unused Assets to reduce memory usage. Loaded Objects now: 2095.
Total: 2.640800 ms (FindLiveObjects: 0.184700 ms CreateObjectMapping: 0.049600 ms MarkObjects: 2.315200 ms  DeleteObjects: 0.090300 ms)

========================================================================
Received Import Request.
  Time since last request: 484.084699 seconds.
  path: Assets/Photon Unity Networking/Demos/PunBasics-Tutorial/Prefabs/Demo Intro UI.prefab
  artifactKey: Guid(f773d1fa10a4f4e0d88490eab5d5b46d) Importer(815301076,1909f56bfc062723c751e8b465ee728b)
Start importing Assets/Photon Unity Networking/Demos/PunBasics-Tutorial/Prefabs/Demo Intro UI.prefab using Guid(f773d1fa10a4f4e0d88490eab5d5b46d) Importer(815301076,1909f56bfc062723c751e8b465ee728b)  -> (artifact id: '9f539179b4f9751884d6189477fd3dc6') in 0.093464 seconds
  Import took 0.099382 seconds .

========================================================================
Received Import Request.
  Time since last request: 0.000501 seconds.
  path: Assets/Photon Unity Networking/Demos/PunBasics-Tutorial/Resources/My Robot Kyle.prefab
  artifactKey: Guid(fe764102aa5aa431795da15fa2dec0e2) Importer(815301076,1909f56bfc062723c751e8b465ee728b)
Start importing Assets/Photon Unity Networking/Demos/PunBasics-Tutorial/Resources/My Robot Kyle.prefab using Guid(fe764102aa5aa431795da15fa2dec0e2) Importer(815301076,1909f56bfc062723c751e8b465ee728b)  -> (artifact id: '05d837cf9969501c584351b4ed9eb866') in 0.174125 seconds
  Import took 0.181838 seconds .

========================================================================
Received Import Request.
  Time since last request: 0.000466 seconds.
  path: Assets/Photon Unity Networking/Demos/PunBasics-Tutorial/Prefabs/Quit Room Button.prefab
  artifactKey: Guid(b19bb80838bcf4457bf6f50a19c5593b) Importer(815301076,1909f56bfc062723c751e8b465ee728b)
Start importing Assets/Photon Unity Networking/Demos/PunBasics-Tutorial/Prefabs/Quit Room Button.prefab using Guid(b19bb80838bcf4457bf6f50a19c5593b) Importer(815301076,1909f56bfc062723c751e8b465ee728b)  -> (artifact id: '7b4028daaa95e99289b0a5220eb92460') in 0.026048 seconds
  Import took 0.033073 seconds .

========================================================================
Received Import Request.
  Time since last request: 0.000517 seconds.
  path: Assets/Photon Unity Networking/Demos/Shared Assets/Prefabs/Level.prefab
  artifactKey: Guid(b144107d6cef9c84d95ee085de8f9c11) Importer(815301076,1909f56bfc062723c751e8b465ee728b)
Start importing Assets/Photon Unity Networking/Demos/Shared Assets/Prefabs/Level.prefab using Guid(b144107d6cef9c84d95ee085de8f9c11) Importer(815301076,1909f56bfc062723c751e8b465ee728b)  -> (artifact id: '85a2a52e9b4a058d1b534584cda97a2c') in 0.094249 seconds
  Import took 0.101689 seconds .

========================================================================
Received Import Request.
  Time since last request: 0.000473 seconds.
  path: Assets/Photon Unity Networking/Demos/PunBasics-Tutorial/Prefabs/Game Manager.prefab
  artifactKey: Guid(b7fe671fa5d4d4772a4b20715fb9b0ff) Importer(815301076,1909f56bfc062723c751e8b465ee728b)
Start importing Assets/Photon Unity Networking/Demos/PunBasics-Tutorial/Prefabs/Game Manager.prefab using Guid(b7fe671fa5d4d4772a4b20715fb9b0ff) Importer(815301076,1909f56bfc062723c751e8b465ee728b)  -> (artifact id: '90dacfb419e45a6a7535d3e1208e86b5') in 0.030390 seconds
  Import took 0.036379 seconds .

========================================================================
Received Import Request.
  Time since last request: 0.000414 seconds.
  path: Assets/Photon Unity Networking/Demos/DemoPickup/Resources/PickupCharacter.prefab
  artifactKey: Guid(1f109488cb155864c839538b4a5d2133) Importer(815301076,1909f56bfc062723c751e8b465ee728b)
Start importing Assets/Photon Unity Networking/Demos/DemoPickup/Resources/PickupCharacter.prefab using Guid(1f109488cb155864c839538b4a5d2133) Importer(815301076,1909f56bfc062723c751e8b465ee728b)  -> (artifact id: '886bcebad7fa28840f70667cdca62862') in 0.047657 seconds
  Import took 0.055542 seconds .

========================================================================
Received Import Request.
  Time since last request: 0.000584 seconds.
  path: Assets/Photon Unity Networking/Demos/DemoChangeOwner/Resources/OwnershipCube.prefab
  artifactKey: Guid(b38a8c530a7b6864ab3be1edd768b4a5) Importer(815301076,1909f56bfc062723c751e8b465ee728b)
Start importing Assets/Photon Unity Networking/Demos/DemoChangeOwner/Resources/OwnershipCube.prefab using Guid(b38a8c530a7b6864ab3be1edd768b4a5) Importer(815301076,1909f56bfc062723c751e8b465ee728b)  -> (artifact id: 'f825156de8783545620b68c897cb9651') in 0.046766 seconds
  Import took 0.053566 seconds .

========================================================================
Received Import Request.
  Time since last request: 0.000424 seconds.
  path: Assets/unity-chan!/Unity-chan! Model/Prefabs/unitychan.prefab
  artifactKey: Guid(412b92d4feeb9c548bfa98f62c4d1022) Importer(815301076,1909f56bfc062723c751e8b465ee728b)
Start importing Assets/unity-chan!/Unity-chan! Model/Prefabs/unitychan.prefab using Guid(412b92d4feeb9c548bfa98f62c4d1022) Importer(815301076,1909f56bfc062723c751e8b465ee728b)  -> (artifact id: '71e49b26d5b41780b855b50258566143') in 0.257075 seconds
  Import took 0.270112 seconds .

========================================================================
Received Import Request.
  Time since last request: 0.000503 seconds.
  path: Assets/Photon Unity Networking/Demos/DemoRPGMovement/Resources/Robot Kyle RPG.prefab
  artifactKey: Guid(ac2211405d10cff44855fe2b2d067ae1) Importer(815301076,1909f56bfc062723c751e8b465ee728b)
Start importing Assets/Photon Unity Networking/Demos/DemoRPGMovement/Resources/Robot Kyle RPG.prefab using Guid(ac2211405d10cff44855fe2b2d067ae1) Importer(815301076,1909f56bfc062723c751e8b465ee728b)  -> (artifact id: 'ffbef16284e99823e86b4647e4edb9e9') in 0.077924 seconds
  Import took 0.082727 seconds .

========================================================================
Received Import Request.
  Time since last request: 0.000368 seconds.
  path: Assets/Photon Unity Networking/Demos/Demo2DJumpAndRunWithPhysics/Resources/Physics Box.prefab
  artifactKey: Guid(71f9695057c753246adc29fcbd25f30a) Importer(815301076,1909f56bfc062723c751e8b465ee728b)
Start importing Assets/Photon Unity Networking/Demos/Demo2DJumpAndRunWithPhysics/Resources/Physics Box.prefab using Guid(71f9695057c753246adc29fcbd25f30a) Importer(815301076,1909f56bfc062723c751e8b465ee728b)  -> (artifact id: 'cd1fe65bc3ca5763670410344578efdd') in 0.048079 seconds
  Import took 0.053312 seconds .

========================================================================
Received Import Request.
  Time since last request: 0.000476 seconds.
  path: Assets/Photon Unity Networking/Demos/Demo2DJumpAndRunWithPhysics/Resources/Robot Kyle 2D.prefab
  artifactKey: Guid(ae31d748c0bbc05448a13e58f8861963) Importer(815301076,1909f56bfc062723c751e8b465ee728b)
Start importing Assets/Photon Unity Networking/Demos/Demo2DJumpAndRunWithPhysics/Resources/Robot Kyle 2D.prefab using Guid(ae31d748c0bbc05448a13e58f8861963) Importer(815301076,1909f56bfc062723c751e8b465ee728b)  -> (artifact id: '2cccb9c01b8672cec6a07f1ca1d149c8') in 0.053149 seconds
  Import took 0.059923 seconds .

========================================================================
Received Import Request.
  Time since last request: 0.000434 seconds.
  path: Assets/Photon Unity Networking/Demos/DemoMecanim/Resources/Robot Kyle Mecanim.prefab
  artifactKey: Guid(bfe5ca06b824b5a45a5ddbe49d40d2ae) Importer(815301076,1909f56bfc062723c751e8b465ee728b)
Start importing Assets/Photon Unity Networking/Demos/DemoMecanim/Resources/Robot Kyle Mecanim.prefab using Guid(bfe5ca06b824b5a45a5ddbe49d40d2ae) Importer(815301076,1909f56bfc062723c751e8b465ee728b)  -> (artifact id: '0168bc9eb5f3101c67b48f02217863d6') in 0.095555 seconds
  Import took 0.101622 seconds .

========================================================================
Received Prepare
Refreshing native plugins compatible for Editor in 4.63 ms, found 2 plugins.
Preloading 0 native plugins for Editor in 0.00 ms.
Unloading 16 Unused Serialized files (Serialized files now loaded: 0)
System memory in use before: 76.1 MB.
System memory in use after: 76.2 MB.

Unloading 20 unused Assets to reduce memory usage. Loaded Objects now: 2103.
Total: 4.732900 ms (FindLiveObjects: 0.198000 ms CreateObjectMapping: 0.055000 ms MarkObjects: 4.289800 ms  DeleteObjects: 0.188800 ms)

========================================================================
Received Prepare
Refreshing native plugins compatible for Editor in 15.42 ms, found 2 plugins.
Preloading 0 native plugins for Editor in 0.00 ms.
Unloading 16 Unused Serialized files (Serialized files now loaded: 0)
System memory in use before: 76.1 MB.
System memory in use after: 76.2 MB.

Unloading 16 unused Assets to reduce memory usage. Loaded Objects now: 2103.
Total: 6.972500 ms (FindLiveObjects: 0.448600 ms CreateObjectMapping: 0.150400 ms MarkObjects: 6.174900 ms  DeleteObjects: 0.195200 ms)

========================================================================
Received Prepare
Refreshing native plugins compatible for Editor in 18.98 ms, found 2 plugins.
Preloading 0 native plugins for Editor in 0.00 ms.
Unloading 16 Unused Serialized files (Serialized files now loaded: 0)
System memory in use before: 76.2 MB.
System memory in use after: 76.3 MB.

Unloading 16 unused Assets to reduce memory usage. Loaded Objects now: 2103.
Total: 7.988300 ms (FindLiveObjects: 0.382900 ms CreateObjectMapping: 0.547800 ms MarkObjects: 6.833400 ms  DeleteObjects: 0.220400 ms)

========================================================================
Received Prepare
Registering precompiled user dll's ...
Registered in 0.011907 seconds.
Begin MonoManager ReloadAssembly
Native extension for WindowsStandalone target not found
Refreshing native plugins compatible for Editor in 0.50 ms, found 2 plugins.
Preloading 0 native plugins for Editor in 0.00 ms.
Mono: successfully reloaded assembly
- Completed reload, in  0.981 seconds
Platform modules already initialized, skipping
Refreshing native plugins compatible for Editor in 0.41 ms, found 2 plugins.
Preloading 0 native plugins for Editor in 0.00 ms.
Unloading 1572 Unused Serialized files (Serialized files now loaded: 0)
System memory in use before: 103.9 MB.
System memory in use after: 103.9 MB.

Unloading 18 unused Assets to reduce memory usage. Loaded Objects now: 2107.
Total: 2.260100 ms (FindLiveObjects: 0.164500 ms CreateObjectMapping: 0.044100 ms MarkObjects: 1.911100 ms  DeleteObjects: 0.139600 ms)

========================================================================
Received Import Request.
  Time since last request: 2521.817454 seconds.
  path: Assets/Resources/Script/NewBehaviourScript.cs
  artifactKey: Guid(89552f4fdb4f318408ca465a6012fca6) Importer(815301076,1909f56bfc062723c751e8b465ee728b)
Start importing Assets/Resources/Script/NewBehaviourScript.cs using Guid(89552f4fdb4f318408ca465a6012fca6) Importer(815301076,1909f56bfc062723c751e8b465ee728b)  -> (artifact id: 'b42dfd62faef04ffc9e5ea1cd39b6456') in 0.010531 seconds
  Import took 0.015343 seconds .

========================================================================
Received Import Request.
  Time since last request: 108.463191 seconds.
  path: Assets/Resources/Script/NewBehaviourScript.cs
  artifactKey: Guid(89552f4fdb4f318408ca465a6012fca6) Importer(815301076,1909f56bfc062723c751e8b465ee728b)
Start importing Assets/Resources/Script/NewBehaviourScript.cs using Guid(89552f4fdb4f318408ca465a6012fca6) Importer(815301076,1909f56bfc062723c751e8b465ee728b)  -> (artifact id: 'bb9b3489f5891de309c785aaced4cf2b') in 0.003151 seconds
  Import took 0.007216 seconds .

========================================================================
Received Import Request.
  Time since last request: 0.014324 seconds.
  path: Assets/Resources/Script/NewBehaviourScript.cs
  artifactKey: Guid(89552f4fdb4f318408ca465a6012fca6) Importer(815301076,1909f56bfc062723c751e8b465ee728b)
Start importing Assets/Resources/Script/NewBehaviourScript.cs using Guid(89552f4fdb4f318408ca465a6012fca6) Importer(815301076,1909f56bfc062723c751e8b465ee728b)  -> (artifact id: 'bb9b3489f5891de309c785aaced4cf2b') in 0.005170 seconds
  Import took 0.008967 seconds .

========================================================================
Received Prepare
Registering precompiled user dll's ...
Registered in 0.015794 seconds.
Begin MonoManager ReloadAssembly
Native extension for WindowsStandalone target not found
Refreshing native plugins compatible for Editor in 0.40 ms, found 2 plugins.
Preloading 0 native plugins for Editor in 0.00 ms.
Mono: successfully reloaded assembly
- Completed reload, in  1.156 seconds
Platform modules already initialized, skipping
Refreshing native plugins compatible for Editor in 0.41 ms, found 2 plugins.
Preloading 0 native plugins for Editor in 0.00 ms.
Unloading 1571 Unused Serialized files (Serialized files now loaded: 0)
System memory in use before: 103.8 MB.
System memory in use after: 103.9 MB.

Unloading 19 unused Assets to reduce memory usage. Loaded Objects now: 2109.
Total: 2.023500 ms (FindLiveObjects: 0.176900 ms CreateObjectMapping: 0.050300 ms MarkObjects: 1.694700 ms  DeleteObjects: 0.100400 ms)

========================================================================
Received Import Request.
  Time since last request: 227.761244 seconds.
  path: Assets/Resources/Prefab/PlayerUI.prefab
  artifactKey: Guid(6a8a590dd06ded64d9709534bfeec8eb) Importer(815301076,1909f56bfc062723c751e8b465ee728b)
Start importing Assets/Resources/Prefab/PlayerUI.prefab using Guid(6a8a590dd06ded64d9709534bfeec8eb) Importer(815301076,1909f56bfc062723c751e8b465ee728b)  -> (artifact id: '68a65fcb6d852605aa6919e9388def69') in 0.085537 seconds
  Import took 0.092400 seconds .

========================================================================
Received Prepare
Refreshing native plugins compatible for Editor in 15.93 ms, found 2 plugins.
Preloading 0 native plugins for Editor in 0.00 ms.
Unloading 16 Unused Serialized files (Serialized files now loaded: 0)
System memory in use before: 73.0 MB.
System memory in use after: 73.1 MB.

Unloading 18 unused Assets to reduce memory usage. Loaded Objects now: 2109.
Total: 3.469500 ms (FindLiveObjects: 0.170900 ms CreateObjectMapping: 0.057500 ms MarkObjects: 3.113700 ms  DeleteObjects: 0.112800 ms)

========================================================================
Received Prepare
Refreshing native plugins compatible for Editor in 7.69 ms, found 2 plugins.
Preloading 0 native plugins for Editor in 0.00 ms.
Unloading 16 Unused Serialized files (Serialized files now loaded: 0)
System memory in use before: 73.0 MB.
System memory in use after: 73.1 MB.

Unloading 16 unused Assets to reduce memory usage. Loaded Objects now: 2109.
Total: 10.016800 ms (FindLiveObjects: 0.347000 ms CreateObjectMapping: 0.093600 ms MarkObjects: 9.423300 ms  DeleteObjects: 0.150100 ms)

========================================================================
Received Prepare
Registering precompiled user dll's ...
Registered in 0.012043 seconds.
Begin MonoManager ReloadAssembly
Native extension for WindowsStandalone target not found
Refreshing native plugins compatible for Editor in 1.75 ms, found 2 plugins.
Preloading 0 native plugins for Editor in 0.00 ms.
Mono: successfully reloaded assembly
- Completed reload, in  3.703 seconds
Platform modules already initialized, skipping
Refreshing native plugins compatible for Editor in 1.01 ms, found 2 plugins.
Preloading 0 native plugins for Editor in 0.00 ms.
Unloading 1571 Unused Serialized files (Serialized files now loaded: 0)
System memory in use before: 103.8 MB.
System memory in use after: 103.9 MB.

Unloading 18 unused Assets to reduce memory usage. Loaded Objects now: 2112.
Total: 10.853800 ms (FindLiveObjects: 1.994200 ms CreateObjectMapping: 0.312000 ms MarkObjects: 8.205500 ms  DeleteObjects: 0.338400 ms)

========================================================================
Received Prepare
Refreshing native plugins compatible for Editor in 6.03 ms, found 2 plugins.
Preloading 0 native plugins for Editor in 0.00 ms.
Unloading 16 Unused Serialized files (Serialized files now loaded: 0)
System memory in use before: 72.6 MB.
System memory in use after: 72.7 MB.

Unloading 16 unused Assets to reduce memory usage. Loaded Objects now: 2112.
Total: 3.080300 ms (FindLiveObjects: 0.200300 ms CreateObjectMapping: 0.077500 ms MarkObjects: 2.611500 ms  DeleteObjects: 0.189600 ms)

========================================================================
Received Prepare
Refreshing native plugins compatible for Editor in 13.53 ms, found 2 plugins.
Preloading 0 native plugins for Editor in 0.00 ms.
Unloading 16 Unused Serialized files (Serialized files now loaded: 0)
System memory in use before: 72.6 MB.
System memory in use after: 72.7 MB.

Unloading 16 unused Assets to reduce memory usage. Loaded Objects now: 2112.
Total: 6.321000 ms (FindLiveObjects: 0.453800 ms CreateObjectMapping: 0.195600 ms MarkObjects: 5.469800 ms  DeleteObjects: 0.198400 ms)

AssetImportWorkerClient::OnTransportError - code=2 error=End of file
